<?xml version="1.0" encoding="UTF-8"?>
<!-- Generated by org.testng.reporters.JUnitReportReporter -->
<testsuite skipped="0" hostname="LAPTOP-DGI66V1F" name="MagentoTest" tests="1" failures="0" timestamp="22 Jan 2019 08:10:15 GMT" time="44.120" errors="0">
  <testcase name="magento" time="44.120" classname="MagentoTest"/>
</testsuite> <!-- MagentoTest -->
